<?xml version="1.0" encoding="UTF-8"?>
<!-- Generated by org.testng.reporters.JUnitXMLReporter -->
<testsuite hostname="DESKTOP-Q44GKQB" ignored="0" name="Sanity Test" tests="3" failures="0" timestamp="2022-12-11T20:44:08 AEST" time="19.738" errors="0">
  <testcase name="userShouldLoginSuccessfullyWithValidCredentials" time="0.832" classname="com.herokuapp.internet.the.testsuite.LoginPageTest"/>
  <testcase name="verifyThePasswordErrorMessage" time="0.867" classname="com.herokuapp.internet.the.testsuite.LoginPageTest"/>
  <testcase name="verifyTheUsernameErrorMessage" time="0.777" classname="com.herokuapp.internet.the.testsuite.LoginPageTest"/>
</testsuite> <!-- Sanity Test -->
