<?xml version="1.0" encoding="UTF-8"?>
<!-- Generated by org.testng.reporters.JUnitXMLReporter -->
<testsuite hostname="DESKTOP-Q44GKQB" ignored="0" name="regression Test" tests="3" failures="0" timestamp="2022-12-13T23:03:02 AEST" time="15.091" errors="0">
  <testcase name="userShouldLoginSuccessfullyWithValidCredentials" time="0.519" classname="com.herokuapp.internet.the.testsuite.LoginPageTest"/>
  <testcase name="verifyThePasswordErrorMessage" time="0.587" classname="com.herokuapp.internet.the.testsuite.LoginPageTest"/>
  <testcase name="verifyTheUsernameErrorMessage" time="0.518" classname="com.herokuapp.internet.the.testsuite.LoginPageTest"/>
</testsuite> <!-- regression Test -->
