<?xml version="1.0" encoding="UTF-8"?>
<!-- Generated by org.testng.reporters.JUnitXMLReporter -->
<testsuite hostname="DESKTOP-Q44GKQB" ignored="2" name="sanity Test" tests="1" failures="0" timestamp="2022-12-13T23:05:33 AEST" time="5.822" errors="0">
  <testcase name="userShouldLoginSuccessfullyWithValidCredentials" time="0.53" classname="com.herokuapp.internet.the.testsuite.LoginPageTest"/>
  <testcase name="verifyThePasswordErrorMessage" time="0.0" classname="com.herokuapp.internet.the.testsuite.LoginPageTest">
    <ignored/>
  </testcase> <!-- verifyThePasswordErrorMessage -->
  <testcase name="verifyTheUsernameErrorMessage" time="0.0" classname="com.herokuapp.internet.the.testsuite.LoginPageTest">
    <ignored/>
  </testcase> <!-- verifyTheUsernameErrorMessage -->
</testsuite> <!-- sanity Test -->
